<?xml version="1.0" encoding="UTF-8"?>
<!-- Generated by org.testng.reporters.JUnitReportReporter -->
<testsuite hostname="MrSiNgH" failures="0" tests="1" name="lalitUISeleniumFramework.SeleniumFrameworkDesign.submitClass" time="23.193" errors="0" timestamp="2024-11-13T23:39:08 IST" skipped="0">
  <testcase classname="lalitUISeleniumFramework.SeleniumFrameworkDesign.submitClass" name="submitOrder" time="23.193"/>
</testsuite> <!-- lalitUISeleniumFramework.SeleniumFrameworkDesign.submitClass -->
