<?xml version="1.0" encoding="UTF-8"?>
<!-- Generated by org.testng.reporters.JUnitReportReporter -->
<testsuite hostname="MrSiNgH" failures="0" tests="1" name="lalitUISeleniumFramework.SeleniumFrameworkDesign.ErrorValidation" time="8.246" errors="0" timestamp="2024-11-13T23:39:08 IST" skipped="0">
  <testcase classname="lalitUISeleniumFramework.SeleniumFrameworkDesign.ErrorValidation" name="submitOrder" time="8.246"/>
</testsuite> <!-- lalitUISeleniumFramework.SeleniumFrameworkDesign.ErrorValidation -->
